SF:lib/core/network/network_info.dart
DA:10,2
DA:12,1
DA:13,2
LF:3
LH:3
end_of_record
SF:lib/domain/authentication/data/authentication_repository.dart
DA:20,1
DA:23,2
DA:26,1
DA:30,1
DA:31,1
DA:38,1
DA:39,2
DA:45,1
DA:50,1
DA:52,3
DA:54,3
DA:56,1
DA:57,1
DA:60,1
DA:68,1
DA:69,3
DA:71,3
DA:72,1
DA:73,1
DA:76,1
LF:20
LH:20
end_of_record
SF:lib/domain/authentication/models/user.dart
DA:11,11
DA:17,1
DA:18,1
DA:39,1
DA:40,6
DA:42,1
DA:43,1
DA:44,1
DA:45,1
DA:46,1
DA:47,1
DA:48,1
DA:51,1
DA:52,1
DA:53,1
DA:54,1
DA:55,1
DA:56,1
DA:57,1
LF:19
LH:19
end_of_record
SF:lib/domain/authentication/bloc/authentication_event.dart
DA:4,2
DA:6,1
DA:7,1
DA:11,4
DA:15,1
DA:16,2
LF:6
LH:6
end_of_record
SF:lib/domain/authentication/bloc/authentication_state.dart
DA:3,8
DA:6,10
DA:11,12
DA:13,2
DA:14,2
DA:16,9
DA:17,1
DA:22,2
DA:23,6
LF:9
LH:9
end_of_record
SF:lib/domain/authentication/bloc/authentication_bloc.dart
DA:15,1
DA:17,1
DA:19,1
DA:20,5
DA:21,2
DA:29,1
DA:32,1
DA:33,2
DA:34,1
DA:35,3
DA:36,3
DA:40,1
DA:42,2
DA:43,1
DA:46,1
DA:49,2
DA:50,2
LF:17
LH:17
end_of_record
SF:lib/domain/authentication/data/authentication_service.dart
DA:29,1
DA:34,1
DA:36,1
DA:37,1
DA:38,2
DA:42,1
DA:44,2
DA:46,3
DA:48,1
DA:52,1
DA:53,3
DA:58,1
DA:59,3
DA:61,1
DA:62,1
DA:63,1
DA:71,1
DA:73,4
DA:75,2
DA:78,1
DA:79,2
DA:81,2
DA:82,2
DA:83,1
DA:84,3
DA:87,2
LF:26
LH:26
end_of_record
SF:lib/domain/authentication/models/password.dart
DA:3,8
DA:6,2
DA:7,2
DA:19,1
DA:21,2
LF:5
LH:5
end_of_record
SF:lib/domain/authentication/models/username.dart
DA:3,8
DA:6,2
DA:7,2
DA:9,1
DA:11,2
LF:5
LH:5
end_of_record
